\BOOKMARK [1][-]{section.1}{\376\377\000I\000n\000t\000r\000o\000d\000u\000c\000t\000i\000o\000n}{}% 1
\BOOKMARK [1][-]{section.2}{\376\377\000R\000e\000l\000a\000t\000e\000d\000\040\000W\000o\000r\000k\000s}{}% 2
\BOOKMARK [1][-]{section.3}{\376\377\000M\000e\000t\000h\000o\000d\000o\000l\000o\000g\000y\000:\000\040\000V\000i\000d\000e\000o\000-\000J\000E\000P\000A}{}% 3
\BOOKMARK [2][-]{subsection.3.1}{\376\377\000T\000r\000a\000i\000n\000i\000n\000g\000\040\000O\000b\000j\000e\000c\000t\000i\000v\000e}{section.3}% 4
\BOOKMARK [2][-]{subsection.3.2}{\376\377\000P\000r\000e\000d\000i\000c\000t\000i\000o\000n\000\040\000T\000a\000s\000k\000:\000\040\000P\000r\000e\000d\000i\000c\000t\000i\000n\000g\000\040\000y\000\040\000f\000r\000o\000m\000\040\000x}{section.3}% 5
\BOOKMARK [2][-]{subsection.3.3}{\376\377\000N\000e\000t\000w\000o\000r\000k\000\040\000P\000a\000r\000a\000m\000e\000t\000e\000r\000i\000z\000a\000t\000i\000o\000n}{section.3}% 6
\BOOKMARK [2][-]{subsection.3.4}{\376\377\000P\000r\000e\000t\000r\000a\000i\000n\000i\000n\000g\000\040\000D\000a\000t\000a\000\040\000a\000n\000d\000\040\000E\000v\000a\000l\000u\000a\000t\000i\000o\000n\000\040\000S\000e\000t\000u\000p}{section.3}% 7
\BOOKMARK [1][-]{section.4}{\376\377\000W\000h\000a\000t\000\040\000M\000a\000t\000t\000e\000r\000s\000\040\000f\000o\000r\000\040\000L\000e\000a\000r\000n\000i\000n\000g\000\040\000R\000e\000p\000r\000e\000s\000e\000n\000t\000a\000t\000i\000o\000n\000s\000\040\000f\000r\000o\000m\000\040\000V\000i\000d\000e\000o\000?}{}% 8
\BOOKMARK [2][-]{subsection.4.1}{\376\377\000P\000r\000e\000d\000i\000c\000t\000i\000n\000g\000\040\000R\000e\000p\000r\000e\000s\000e\000n\000t\000a\000t\000i\000o\000n\000s\000\040\000v\000e\000r\000s\000u\000s\000\040\000P\000i\000x\000e\000l\000s}{section.4}% 9
\BOOKMARK [2][-]{subsection.4.2}{\376\377\000P\000r\000e\000t\000r\000a\000i\000n\000i\000n\000g\000\040\000D\000a\000t\000a\000\040\000D\000i\000s\000t\000r\000i\000b\000u\000t\000i\000o\000n}{section.4}% 10
\BOOKMARK [2][-]{subsection.4.3}{\376\377\000E\000v\000a\000l\000u\000a\000t\000i\000o\000n\000:\000\040\000A\000t\000t\000e\000n\000t\000i\000v\000e\000\040\000P\000r\000o\000b\000i\000n\000g}{section.4}% 11
\BOOKMARK [2][-]{subsection.4.4}{\376\377\000P\000r\000e\000d\000i\000c\000t\000i\000o\000n\000\040\000T\000a\000s\000k\000:\000\040\000P\000r\000e\000d\000i\000c\000t\000i\000n\000g\000\040\000y\000\040\000f\000r\000o\000m\000\040\000x}{section.4}% 12
\BOOKMARK [1][-]{section.5}{\376\377\000C\000o\000m\000p\000a\000r\000i\000s\000o\000n\000\040\000w\000i\000t\000h\000\040\000P\000r\000i\000o\000r\000\040\000W\000o\000r\000k}{}% 13
\BOOKMARK [2][-]{subsection.5.1}{\376\377\000C\000o\000m\000p\000a\000r\000i\000s\000o\000n\000\040\000w\000i\000t\000h\000\040\000P\000i\000x\000e\000l\000\040\000P\000r\000e\000d\000i\000c\000t\000i\000o\000n}{section.5}% 14
\BOOKMARK [2][-]{subsection.5.2}{\376\377\000C\000o\000m\000p\000a\000r\000i\000s\000o\000n\000\040\000w\000i\000t\000h\000\040\000S\000t\000a\000t\000e\000-\000o\000f\000-\000t\000h\000e\000-\000A\000r\000t}{section.5}% 15
\BOOKMARK [2][-]{subsection.5.3}{\376\377\000L\000a\000b\000e\000l\000-\000e\000f\000f\000i\000c\000i\000e\000n\000c\000y}{section.5}% 16
\BOOKMARK [1][-]{section.6}{\376\377\000E\000v\000a\000l\000u\000a\000t\000i\000n\000g\000\040\000t\000h\000e\000\040\000P\000r\000e\000d\000i\000c\000t\000o\000r}{}% 17
\BOOKMARK [1][-]{section.7}{\376\377\000C\000o\000n\000c\000l\000u\000s\000i\000o\000n}{}% 18
\BOOKMARK [1][-]{appendix.A}{\376\377\000E\000x\000t\000e\000n\000d\000e\000d\000\040\000R\000e\000l\000a\000t\000e\000d\000\040\000W\000o\000r\000k\000s}{}% 19
\BOOKMARK [1][-]{appendix.B}{\376\377\000E\000x\000t\000e\000n\000d\000e\000d\000\040\000D\000e\000s\000c\000r\000i\000p\000t\000i\000o\000n\000\040\000o\000f\000\040\000V\000-\000J\000E\000P\000A}{}% 20
\BOOKMARK [1][-]{appendix.C}{\376\377\000P\000r\000e\000t\000r\000a\000i\000n\000i\000n\000g\000\040\000d\000e\000t\000a\000i\000l\000s}{}% 21
\BOOKMARK [1][-]{appendix.D}{\376\377\000E\000v\000a\000l\000u\000a\000t\000i\000o\000n\000\040\000d\000e\000t\000a\000i\000l\000s}{}% 22
\BOOKMARK [2][-]{subsection.D.1}{\376\377\000F\000r\000o\000z\000e\000n\000\040\000c\000l\000a\000s\000s\000i\000f\000i\000c\000a\000t\000i\000o\000n}{appendix.D}% 23
\BOOKMARK [2][-]{subsection.D.2}{\376\377\000F\000r\000o\000z\000e\000n\000\040\000d\000e\000t\000e\000c\000t\000i\000o\000n}{appendix.D}% 24
\BOOKMARK [2][-]{subsection.D.3}{\376\377\000F\000i\000n\000e\000t\000u\000n\000i\000n\000g}{appendix.D}% 25
\BOOKMARK [1][-]{appendix.E}{\376\377\000E\000x\000t\000r\000a\000\040\000R\000e\000s\000u\000l\000t\000s}{}% 26
\BOOKMARK [2][-]{subsection.E.1}{\376\377\000F\000r\000o\000z\000e\000n\000\040\000E\000v\000a\000l\000u\000a\000t\000i\000o\000n\000.}{appendix.E}% 27
\BOOKMARK [2][-]{subsection.E.2}{\376\377\000F\000i\000n\000e\000t\000u\000n\000i\000n\000g}{appendix.E}% 28
\BOOKMARK [2][-]{subsection.E.3}{\376\377\000S\000a\000m\000p\000l\000e\000\040\000E\000f\000f\000i\000c\000i\000e\000n\000c\000y\000\040\000o\000f\000\040\000p\000r\000e\000t\000r\000a\000i\000n\000i\000n\000g}{appendix.E}% 29
\BOOKMARK [2][-]{subsection.E.4}{\376\377\000M\000a\000s\000k\000i\000n\000g\000\040\000S\000t\000r\000a\000t\000e\000g\000y}{appendix.E}% 30
